  2024-09-04 11:19:25 Laravel\Scout\Jobs\MakeSearchable .............. RUNNING
  2024-09-04 11:19:25 Laravel\Scout\Jobs\MakeSearchable .............. RUNNING
  2024-09-04 11:19:26 App\Jobs\WishList\PriceUpdatedJob .............. RUNNING
  2024-09-04 11:19:27 App\Jobs\WishList\PriceUpdatedJob ........ 957.68ms DONE
  2024-09-04 11:19:27 Laravel\Scout\Jobs\MakeSearchable .............. 1s DONE
  2024-09-04 11:19:27 Laravel\Scout\Jobs\MakeSearchable .............. 1s DONE
  2024-09-04 11:21:21 Laravel\Scout\Jobs\MakeSearchable .............. RUNNING
  2024-09-04 11:21:21 Laravel\Scout\Jobs\MakeSearchable ........ 661.29ms DONE
  2024-09-05 13:48:52 Laravel\Scout\Jobs\MakeSearchable .............. RUNNING
  2024-09-05 13:48:56 Laravel\Scout\Jobs\MakeSearchable .............. 3s DONE
  2024-09-05 15:22:52 Laravel\Scout\Jobs\MakeSearchable .............. RUNNING
  2024-09-05 15:22:59 Laravel\Scout\Jobs\MakeSearchable .............. 7s DONE
  2024-09-05 15:24:57 Laravel\Scout\Jobs\MakeSearchable .............. RUNNING
  2024-09-05 15:24:58 Laravel\Scout\Jobs\MakeSearchable .............. 1s DONE
  2024-09-05 15:26:27 Laravel\Scout\Jobs\MakeSearchable .............. RUNNING
  2024-09-05 15:26:29 Laravel\Scout\Jobs\MakeSearchable .............. 1s DONE
  2024-09-05 15:27:59 Laravel\Scout\Jobs\MakeSearchable .............. RUNNING
  2024-09-05 15:28:00 Laravel\Scout\Jobs\MakeSearchable .............. 1s DONE
  2024-09-05 15:34:54 Laravel\Scout\Jobs\MakeSearchable .............. RUNNING
  2024-09-05 15:34:55 Laravel\Scout\Jobs\MakeSearchable .............. 1s DONE
  2024-09-05 15:35:57 Laravel\Scout\Jobs\MakeSearchable .............. RUNNING
  2024-09-05 15:35:59 Laravel\Scout\Jobs\MakeSearchable .............. 1s DONE
  2024-09-05 15:46:42 Laravel\Scout\Jobs\MakeSearchable .............. RUNNING
  2024-09-05 15:46:46 Laravel\Scout\Jobs\MakeSearchable .............. 3s DONE
  2024-09-05 15:58:28 Laravel\Scout\Jobs\MakeSearchable .............. RUNNING
  2024-09-05 15:58:30 Laravel\Scout\Jobs\MakeSearchable .............. 1s DONE
  2024-09-05 16:28:09 Laravel\Scout\Jobs\MakeSearchable .............. RUNNING
  2024-09-05 16:28:15 Laravel\Scout\Jobs\MakeSearchable .............. 6s DONE
  2024-09-05 16:35:19 Laravel\Scout\Jobs\MakeSearchable .............. RUNNING
  2024-09-05 16:35:22 Laravel\Scout\Jobs\MakeSearchable .............. 2s DONE
  2024-09-05 16:41:55 Laravel\Scout\Jobs\MakeSearchable .............. RUNNING
  2024-09-05 16:41:56 Laravel\Scout\Jobs\MakeSearchable ........ 788.89ms DONE
  2024-09-05 16:42:40 Laravel\Scout\Jobs\MakeSearchable .............. RUNNING
  2024-09-05 16:42:41 Laravel\Scout\Jobs\MakeSearchable ........ 787.23ms DONE
  2024-09-05 16:45:52 Laravel\Scout\Jobs\MakeSearchable .............. RUNNING
  2024-09-05 16:45:55 Laravel\Scout\Jobs\MakeSearchable .............. 3s DONE
  2024-09-05 16:47:06 Laravel\Scout\Jobs\MakeSearchable .............. RUNNING
  2024-09-05 16:47:07 Laravel\Scout\Jobs\MakeSearchable ........ 667.98ms DONE
  2024-09-05 16:48:04 Laravel\Scout\Jobs\MakeSearchable .............. RUNNING
  2024-09-05 16:48:04 Laravel\Scout\Jobs\MakeSearchable ........ 594.15ms DONE
  2024-09-05 17:39:21 Laravel\Scout\Jobs\MakeSearchable .............. RUNNING
  2024-09-05 17:39:24 Laravel\Scout\Jobs\MakeSearchable .............. 2s DONE
  2024-09-05 19:49:31 Laravel\Scout\Jobs\MakeSearchable .............. RUNNING
  2024-09-05 19:49:35 Laravel\Scout\Jobs\MakeSearchable .............. 3s DONE
  2024-09-05 19:55:51 Laravel\Scout\Jobs\MakeSearchable .............. RUNNING
  2024-09-05 19:55:52 Laravel\Scout\Jobs\MakeSearchable ........ 614.76ms DONE
  2024-09-05 20:03:02 Laravel\Scout\Jobs\MakeSearchable .............. RUNNING
  2024-09-05 20:03:03 Laravel\Scout\Jobs\MakeSearchable ........ 770.04ms DONE
  2024-09-05 20:03:54 Laravel\Scout\Jobs\MakeSearchable .............. RUNNING
  2024-09-05 20:03:54 Laravel\Scout\Jobs\MakeSearchable ........ 861.14ms DONE
  2024-09-05 20:04:37 Laravel\Scout\Jobs\MakeSearchable .............. RUNNING
  2024-09-05 20:04:37 Laravel\Scout\Jobs\MakeSearchable ........ 545.25ms DONE
  2024-09-05 20:05:10 Laravel\Scout\Jobs\MakeSearchable .............. RUNNING
  2024-09-05 20:05:11 Laravel\Scout\Jobs\MakeSearchable ........ 869.21ms DONE
  2024-09-05 20:05:47 Laravel\Scout\Jobs\MakeSearchable .............. RUNNING
  2024-09-05 20:05:48 Laravel\Scout\Jobs\MakeSearchable ........ 931.57ms DONE
  2024-09-05 20:12:19 Laravel\Scout\Jobs\RemoveFromSearch ............ RUNNING
  2024-09-11 11:18:17 Laravel\Scout\Jobs\MakeSearchable .............. RUNNING
  2024-09-11 11:18:18 Laravel\Scout\Jobs\MakeSearchable .............. 1s DONE
  2024-09-13 17:10:00 Laravel\Scout\Jobs\MakeSearchable .............. RUNNING
  2024-09-13 17:10:02 Laravel\Scout\Jobs\MakeSearchable .............. 1s DONE
